No H2 data found in StarLog file
gas density units: 1.25e+02 Msol a**-3 kpc**-3
max stellar particle mass: 206171.17
min stellar particle mass: 100000.0
696933 full star
2583001 full dust
287057 stars
192122 dust
time:  39.67890570964664
No H2 data found in StarLog file
gas density units: 1.25e+02 Msol a**-3 kpc**-3
max stellar particle mass: 206171.17
min stellar particle mass: 100000.0
623573 full star
3251802 full dust
227702 stars
255622 dust
time:  42.87881526257843
No H2 data found in StarLog file
gas density units: 1.25e+02 Msol a**-3 kpc**-3
max stellar particle mass: 206171.17
min stellar particle mass: 100000.0
460931 full star
2871002 full dust
225091 stars
233689 dust
time:  38.63213147781789
No H2 data found in StarLog file
gas density units: 1.25e+02 Msol a**-3 kpc**-3
max stellar particle mass: 206171.17
min stellar particle mass: 100000.0
600551 full star
3365478 full dust
184193 stars
169335 dust
time:  40.39488886576146
